# JRE version: OpenJDK Runtime Environment (8.0_72-b15) (build 1.8.0_72-internal-b15)
# Java VM: OpenJDK 64-Bit Server VM (25.72-b15 mixed mode linux-amd64 compressed oops)
Heap:
 PSYoungGen      total 211456K, used 154956K [0x0000000781d00000, 0x0000000796d00000, 0x00000007c0000000)
  eden space 194560K, 79% used [0x0000000781d00000,0x000000078b453350,0x000000078db00000)
  from space 16896K, 0% used [0x000000078db00000,0x000000078db00000,0x000000078eb80000)
  to   space 16896K, 0% used [0x0000000795c80000,0x0000000795c80000,0x0000000796d00000)
 ParOldGen       total 121344K, used 26926K [0x0000000705600000, 0x000000070cc80000, 0x0000000781d00000)
  object space 121344K, 22% used [0x0000000705600000,0x000000070704b880,0x000000070cc80000)
 Metaspace       used 52041K, capacity 53126K, committed 53632K, reserved 1095680K
  class space    used 6232K, capacity 6525K, committed 6528K, reserved 1048576K
GC Heap History (10 events):
Event: 3,417 GC heap before
{Heap before GC invocations=5 (full 0):
 PSYoungGen      total 104960K, used 104928K [0x0000000781d00000, 0x0000000788b00000, 0x00000007c0000000)
  eden space 97280K, 100% used [0x0000000781d00000,0x0000000787c00000,0x0000000787c00000)
  from space 7680K, 99% used [0x0000000788380000,0x0000000788af8020,0x0000000788b00000)
  to   space 7680K, 0% used [0x0000000787c00000,0x0000000787c00000,0x0000000788380000)
 ParOldGen       total 128512K, used 3377K [0x0000000705600000, 0x000000070d380000, 0x0000000781d00000)
  object space 128512K, 2% used [0x0000000705600000,0x000000070594c4c0,0x000000070d380000)
 Metaspace       used 20528K, capacity 21084K, committed 21248K, reserved 1069056K
  class space    used 2363K, capacity 2493K, committed 2560K, reserved 1048576K
Event: 3,461 GC heap after
Heap after GC invocations=5 (full 0):
 PSYoungGen      total 104960K, used 7655K [0x0000000781d00000, 0x000000078fd00000, 0x00000007c0000000)
  eden space 97280K, 0% used [0x0000000781d00000,0x0000000781d00000,0x0000000787c00000)
  from space 7680K, 99% used [0x0000000787c00000,0x0000000788379d50,0x0000000788380000)
  to   space 17408K, 0% used [0x000000078ec00000,0x000000078ec00000,0x000000078fd00000)
 ParOldGen       total 128512K, used 13748K [0x0000000705600000, 0x000000070d380000, 0x0000000781d00000)
  object space 128512K, 10% used [0x0000000705600000,0x000000070636d220,0x000000070d380000)
 Metaspace       used 20528K, capacity 21084K, committed 21248K, reserved 1069056K
  class space    used 2363K, capacity 2493K, committed 2560K, reserved 1048576K
}
Event: 3,548 GC heap before
{Heap before GC invocations=6 (full 0):
 PSYoungGen      total 104960K, used 13638K [0x0000000781d00000, 0x000000078fd00000, 0x00000007c0000000)
  eden space 97280K, 6% used [0x0000000781d00000,0x00000007822d7b58,0x0000000787c00000)
  from space 7680K, 99% used [0x0000000787c00000,0x0000000788379d50,0x0000000788380000)
  to   space 17408K, 0% used [0x000000078ec00000,0x000000078ec00000,0x000000078fd00000)
 ParOldGen       total 128512K, used 13748K [0x0000000705600000, 0x000000070d380000, 0x0000000781d00000)
  object space 128512K, 10% used [0x0000000705600000,0x000000070636d220,0x000000070d380000)
 Metaspace       used 20612K, capacity 21166K, committed 21248K, reserved 1069056K
  class space    used 2364K, capacity 2495K, committed 2560K, reserved 1048576K
Event: 3,567 GC heap after
Heap after GC invocations=6 (full 0):
 PSYoungGen      total 210944K, used 7998K [0x0000000781d00000, 0x000000078fc00000, 0x00000007c0000000)
  eden space 194560K, 0% used [0x0000000781d00000,0x0000000781d00000,0x000000078db00000)
  from space 16384K, 48% used [0x000000078ec00000,0x000000078f3cfa88,0x000000078fc00000)
  to   space 16896K, 0% used [0x000000078db00000,0x000000078db00000,0x000000078eb80000)
 ParOldGen       total 128512K, used 13756K [0x0000000705600000, 0x000000070d380000, 0x0000000781d00000)
  object space 128512K, 10% used [0x0000000705600000,0x000000070636f220,0x000000070d380000)
 Metaspace       used 20612K, capacity 21166K, committed 21248K, reserved 1069056K
  class space    used 2364K, capacity 2495K, committed 2560K, reserved 1048576K
}
Event: 3,567 GC heap before
{Heap before GC invocations=7 (full 1):
 PSYoungGen      total 210944K, used 7998K [0x0000000781d00000, 0x000000078fc00000, 0x00000007c0000000)
  eden space 194560K, 0% used [0x0000000781d00000,0x0000000781d00000,0x000000078db00000)
  from space 16384K, 48% used [0x000000078ec00000,0x000000078f3cfa88,0x000000078fc00000)
  to   space 16896K, 0% used [0x000000078db00000,0x000000078db00000,0x000000078eb80000)
 ParOldGen       total 128512K, used 13756K [0x0000000705600000, 0x000000070d380000, 0x0000000781d00000)
  object space 128512K, 10% used [0x0000000705600000,0x000000070636f220,0x000000070d380000)
 Metaspace       used 20612K, capacity 21166K, committed 21248K, reserved 1069056K
  class space    used 2364K, capacity 2495K, committed 2560K, reserved 1048576K
Event: 3,679 GC heap after
Heap after GC invocations=7 (full 1):
 PSYoungGen      total 210944K, used 0K [0x0000000781d00000, 0x000000078fc00000, 0x00000007c0000000)
  eden space 194560K, 0% used [0x0000000781d00000,0x0000000781d00000,0x000000078db00000)
  from space 16384K, 0% used [0x000000078ec00000,0x000000078ec00000,0x000000078fc00000)
  to   space 16896K, 0% used [0x000000078db00000,0x000000078db00000,0x000000078eb80000)
 ParOldGen       total 91136K, used 17191K [0x0000000705600000, 0x000000070af00000, 0x0000000781d00000)
  object space 91136K, 18% used [0x0000000705600000,0x00000007066c9c50,0x000000070af00000)
 Metaspace       used 20612K, capacity 21166K, committed 21248K, reserved 1069056K
  class space    used 2364K, capacity 2495K, committed 2560K, reserved 1048576K
}
Event: 14,059 GC heap before
{Heap before GC invocations=8 (full 1):
 PSYoungGen      total 210944K, used 185706K [0x0000000781d00000, 0x000000078fc00000, 0x00000007c0000000)
  eden space 194560K, 95% used [0x0000000781d00000,0x000000078d25ab50,0x000000078db00000)
  from space 16384K, 0% used [0x000000078ec00000,0x000000078ec00000,0x000000078fc00000)
  to   space 16896K, 0% used [0x000000078db00000,0x000000078db00000,0x000000078eb80000)
 ParOldGen       total 91136K, used 17191K [0x0000000705600000, 0x000000070af00000, 0x0000000781d00000)
  object space 91136K, 18% used [0x0000000705600000,0x00000007066c9c50,0x000000070af00000)
 Metaspace       used 34256K, capacity 35228K, committed 35416K, reserved 1081344K
  class space    used 4000K, capacity 4276K, committed 4352K, reserved 1048576K
Event: 14,074 GC heap after
Heap after GC invocations=8 (full 1):
 PSYoungGen      total 211456K, used 11699K [0x0000000781d00000, 0x0000000796d00000, 0x00000007c0000000)
  eden space 194560K, 0% used [0x0000000781d00000,0x0000000781d00000,0x000000078db00000)
  from space 16896K, 69% used [0x000000078db00000,0x000000078e66cf68,0x000000078eb80000)
  to   space 16896K, 0% used [0x0000000795c80000,0x0000000795c80000,0x0000000796d00000)
 ParOldGen       total 91136K, used 17263K [0x0000000705600000, 0x000000070af00000, 0x0000000781d00000)
  object space 91136K, 18% used [0x0000000705600000,0x00000007066dbc60,0x000000070af00000)
 Metaspace       used 34256K, capacity 35228K, committed 35416K, reserved 1081344K
  class space    used 4000K, capacity 4276K, committed 4352K, reserved 1048576K
}
Event: 14,074 GC heap before
{Heap before GC invocations=9 (full 2):
 PSYoungGen      total 211456K, used 11699K [0x0000000781d00000, 0x0000000796d00000, 0x00000007c0000000)
  eden space 194560K, 0% used [0x0000000781d00000,0x0000000781d00000,0x000000078db00000)
  from space 16896K, 69% used [0x000000078db00000,0x000000078e66cf68,0x000000078eb80000)
  to   space 16896K, 0% used [0x0000000795c80000,0x0000000795c80000,0x0000000796d00000)
 ParOldGen       total 91136K, used 17263K [0x0000000705600000, 0x000000070af00000, 0x0000000781d00000)
  object space 91136K, 18% used [0x0000000705600000,0x00000007066dbc60,0x000000070af00000)
 Metaspace       used 34256K, capacity 35228K, committed 35416K, reserved 1081344K
  class space    used 4000K, capacity 4276K, committed 4352K, reserved 1048576K
Event: 14,172 GC heap after
Heap after GC invocations=9 (full 2):
 PSYoungGen      total 211456K, used 0K [0x0000000781d00000, 0x0000000796d00000, 0x00000007c0000000)
  eden space 194560K, 0% used [0x0000000781d00000,0x0000000781d00000,0x000000078db00000)
  from space 16896K, 0% used [0x000000078db00000,0x000000078db00000,0x000000078eb80000)
  to   space 16896K, 0% used [0x0000000795c80000,0x0000000795c80000,0x0000000796d00000)
 ParOldGen       total 121344K, used 26926K [0x0000000705600000, 0x000000070cc80000, 0x0000000781d00000)
  object space 121344K, 22% used [0x0000000705600000,0x000000070704b880,0x000000070cc80000)
 Metaspace       used 34256K, capacity 35228K, committed 35416K, reserved 1081344K
  class space    used 4000K, capacity 4276K, committed 4352K, reserved 1048576K
}

